{'exp_name': 'BSFL brute', 'eval': False, 'data': 'mnist', 'norm_std': 0.5, 'norm_mean': 0.5, 'train_batch_size': 20, 'test_batch_size': 1000, 'model': 'cnn3', 'num_users': 30, 'num_users_per_round': 5, 'local_epochs': 1, 'local_iterations': 100, 'global_epochs': 2000, 'tau_min': 0.05, 'privacy_noise': 'laplace', 'epsilon': 4, 'optimizer': 'sgd', 'lr': 0.01, 'momentum': 0.5, 'lr_scheduler': False, 'device': 'cpu', 'seed': 0, 'zeta_coeff': 1.5, 'alpha': 1, 'beta': 2, 'gamma': 1, 'max_seconds': 300, 'method_choosing_users': 'BSFL brute', 'data_truncation': 1000, 'choosing_users_verbose': False}
=================================================================
Layer (type:depth-idx)                   Param #
=================================================================
CNN3LayerMnist                           --
├─Conv2d: 1-1                            416
├─Conv2d: 1-2                            6,416
├─Conv2d: 1-3                            12,832
├─Linear: 1-4                            9,248
├─Linear: 1-5                            330
├─BatchNorm2d: 1-6                       32
├─BatchNorm2d: 1-7                       32
├─BatchNorm1d: 1-8                       64
├─Dropout: 1-9                           --
├─Dropout: 1-10                          --
=================================================================
Total params: 29,370
Trainable params: 29,370
Non-trainable params: 0
=================================================================
