{'eval': <built-in function eval>, 'data': 'mnist', 'model': 'mlp', 'num_users': 30, 'num_users_per_round': 5, 'local_epochs': 1, 'local_iterations': 100, 'global_epochs': 300, 'tau_min': 0.05, 'privacy_noise': 'laplace', 'epsilon_bar': 200, 'optimizer': 'Adam', 'lr': 0.01, 'momentum': 0.5, 'lr_scheduler': False, 'seed': 0, 'alpha': 100, 'beta': 2, 'gamma': 5, 'max_seconds': 300, 'method_choosing_users': 'all users', 'data_truncation': 2000, 'choosing_users_verbose': False, 'save_best_model': False, 'privacy': False, 'privacy_choosing_users': True, 'epsilon_sum_deascent_coeff': 0.04, 'delta_f': 0.003, 'device': device(type='cuda'), 'snr_verbose': False, 'max_iterations_alsa': 500, 'ALSA_simulation': False, 'ALSA_verbose': False, 'beta_max_reduction': 30, 'accel_ucb_coeff': 1, 'max_time_alsa': 600, 'pre_ALSA_rounds': 1, 'norm_std': 0.5, 'norm_mean': 0.5, 'train_batch_size': 20, 'test_batch_size': 1000}
=================================================================
Layer (type:depth-idx)                   Param #
=================================================================
FC3Layer                                 --
├─Linear: 1-1                            25,120
├─Linear: 1-2                            528
├─Linear: 1-3                            170
=================================================================
Total params: 25,818
Trainable params: 25,818
Non-trainable params: 0
=================================================================
global epoch 1 has been done artifficialy in 0.92 secs, the total time by now is 0.92 
 with avg train loss 2.395, val loss 2.293, avg val acc 16.39%
global epoch 2 has been done artifficialy in 0.94 secs, the total time by now is 1.86 
 with avg train loss 2.285, val loss 2.261, avg val acc 13.21%
global epoch 3 has been done artifficialy in 0.92 secs, the total time by now is 2.78 
 with avg train loss 2.231, val loss 2.204, avg val acc 18.05%
global epoch 4 has been done artifficialy in 0.94 secs, the total time by now is 3.72 
 with avg train loss 2.166, val loss 2.117, avg val acc 23.14%
global epoch 5 has been done artifficialy in 0.91 secs, the total time by now is 4.63 
 with avg train loss 2.070, val loss 2.006, avg val acc 25.25%
global epoch 6 has been done artifficialy in 0.89 secs, the total time by now is 5.52 
 with avg train loss 1.979, val loss 1.933, avg val acc 28.77%
global epoch 7 has been done artifficialy in 1.00 secs, the total time by now is 6.52 
 with avg train loss 1.902, val loss 1.838, avg val acc 30.56%
global epoch 8 has been done artifficialy in 0.95 secs, the total time by now is 7.47 
 with avg train loss 1.807, val loss 1.759, avg val acc 36.36%
global epoch 9 has been done artifficialy in 0.94 secs, the total time by now is 8.41 
 with avg train loss 1.723, val loss 1.652, avg val acc 41.91%
global epoch 10 has been done artifficialy in 0.91 secs, the total time by now is 9.33 
 with avg train loss 1.648, val loss 1.565, avg val acc 47.07%
global epoch 11 has been done artifficialy in 0.90 secs, the total time by now is 10.23 
 with avg train loss 1.526, val loss 1.479, avg val acc 49.50%
global epoch 12 has been done artifficialy in 0.96 secs, the total time by now is 11.19 
 with avg train loss 1.446, val loss 1.408, avg val acc 50.73%
global epoch 13 has been done artifficialy in 0.91 secs, the total time by now is 12.10 
 with avg train loss 1.370, val loss 1.346, avg val acc 51.01%
global epoch 14 has been done artifficialy in 0.89 secs, the total time by now is 12.99 
 with avg train loss 1.328, val loss 1.294, avg val acc 52.48%
global epoch 15 has been done artifficialy in 0.97 secs, the total time by now is 13.95 
 with avg train loss 1.303, val loss 1.254, avg val acc 53.76%
global epoch 16 has been done artifficialy in 0.92 secs, the total time by now is 14.87 
 with avg train loss 1.257, val loss 1.212, avg val acc 56.43%
global epoch 17 has been done artifficialy in 0.93 secs, the total time by now is 15.80 
 with avg train loss 1.236, val loss 1.187, avg val acc 58.70%
global epoch 18 has been done artifficialy in 0.99 secs, the total time by now is 16.79 
 with avg train loss 1.192, val loss 1.151, avg val acc 62.37%
global epoch 19 has been done artifficialy in 0.92 secs, the total time by now is 17.71 
 with avg train loss 1.157, val loss 1.111, avg val acc 62.99%
global epoch 20 has been done artifficialy in 0.94 secs, the total time by now is 18.66 
 with avg train loss 1.095, val loss 1.083, avg val acc 63.48%
global epoch 21 has been done artifficialy in 0.92 secs, the total time by now is 19.58 
 with avg train loss 1.045, val loss 1.048, avg val acc 65.36%
global epoch 22 has been done artifficialy in 0.93 secs, the total time by now is 20.51 
 with avg train loss 1.015, val loss 1.015, avg val acc 67.48%
global epoch 23 has been done artifficialy in 0.91 secs, the total time by now is 21.42 
 with avg train loss 0.961, val loss 0.988, avg val acc 68.68%
global epoch 24 has been done artifficialy in 0.91 secs, the total time by now is 22.33 
 with avg train loss 0.959, val loss 0.953, avg val acc 69.73%
global epoch 25 has been done artifficialy in 0.99 secs, the total time by now is 23.32 
 with avg train loss 0.913, val loss 0.927, avg val acc 69.94%
global epoch 26 has been done artifficialy in 0.92 secs, the total time by now is 24.23 
 with avg train loss 0.893, val loss 0.894, avg val acc 71.15%
global epoch 27 has been done artifficialy in 0.90 secs, the total time by now is 25.13 
 with avg train loss 0.867, val loss 0.868, avg val acc 72.05%
global epoch 28 has been done artifficialy in 0.91 secs, the total time by now is 26.05 
 with avg train loss 0.793, val loss 0.853, avg val acc 72.74%
global epoch 29 has been done artifficialy in 0.91 secs, the total time by now is 26.96 
 with avg train loss 0.796, val loss 0.822, avg val acc 73.50%
global epoch 30 has been done artifficialy in 0.93 secs, the total time by now is 27.88 
 with avg train loss 0.797, val loss 0.810, avg val acc 73.65%
global epoch 31 has been done artifficialy in 1.00 secs, the total time by now is 28.88 
 with avg train loss 0.772, val loss 0.790, avg val acc 74.91%
global epoch 32 has been done artifficialy in 0.90 secs, the total time by now is 29.78 
 with avg train loss 0.738, val loss 0.774, avg val acc 75.10%
global epoch 33 has been done artifficialy in 0.97 secs, the total time by now is 30.75 
 with avg train loss 0.711, val loss 0.756, avg val acc 75.63%
global epoch 34 has been done artifficialy in 0.95 secs, the total time by now is 31.71 
 with avg train loss 0.674, val loss 0.739, avg val acc 76.50%
global epoch 35 has been done artifficialy in 0.92 secs, the total time by now is 32.62 
 with avg train loss 0.667, val loss 0.726, avg val acc 76.79%
global epoch 36 has been done artifficialy in 0.89 secs, the total time by now is 33.51 
 with avg train loss 0.653, val loss 0.713, avg val acc 77.36%
global epoch 37 has been done artifficialy in 0.93 secs, the total time by now is 34.44 
 with avg train loss 0.630, val loss 0.704, avg val acc 77.69%
global epoch 38 has been done artifficialy in 0.97 secs, the total time by now is 35.40 
 with avg train loss 0.618, val loss 0.696, avg val acc 77.65%
global epoch 39 has been done artifficialy in 0.91 secs, the total time by now is 36.32 
 with avg train loss 0.616, val loss 0.688, avg val acc 78.44%
global epoch 40 has been done artifficialy in 0.94 secs, the total time by now is 37.25 
 with avg train loss 0.640, val loss 0.675, avg val acc 78.75%
global epoch 41 has been done artifficialy in 0.90 secs, the total time by now is 38.16 
 with avg train loss 0.609, val loss 0.667, avg val acc 79.35%
global epoch 42 has been done artifficialy in 0.90 secs, the total time by now is 39.06 
 with avg train loss 0.616, val loss 0.670, avg val acc 79.13%
global epoch 43 has been done artifficialy in 0.93 secs, the total time by now is 39.99 
 with avg train loss 0.596, val loss 0.652, avg val acc 79.66%
global epoch 44 has been done artifficialy in 0.98 secs, the total time by now is 40.97 
 with avg train loss 0.595, val loss 0.645, avg val acc 80.13%
global epoch 45 has been done artifficialy in 0.95 secs, the total time by now is 41.91 
 with avg train loss 0.567, val loss 0.643, avg val acc 79.84%
global epoch 46 has been done artifficialy in 1.01 secs, the total time by now is 42.92 
 with avg train loss 0.559, val loss 0.644, avg val acc 80.08%
global epoch 47 has been done artifficialy in 1.04 secs, the total time by now is 43.96 
 with avg train loss 0.518, val loss 0.642, avg val acc 80.03%
global epoch 48 has been done artifficialy in 0.93 secs, the total time by now is 44.88 
 with avg train loss 0.536, val loss 0.628, avg val acc 80.95%
global epoch 49 has been done artifficialy in 0.98 secs, the total time by now is 45.87 
 with avg train loss 0.539, val loss 0.628, avg val acc 80.44%
global epoch 50 has been done artifficialy in 0.95 secs, the total time by now is 46.82 
 with avg train loss 0.484, val loss 0.616, avg val acc 81.43%
global epoch 51 has been done artifficialy in 0.96 secs, the total time by now is 47.78 
 with avg train loss 0.483, val loss 0.612, avg val acc 81.33%
global epoch 52 has been done artifficialy in 0.96 secs, the total time by now is 48.74 
 with avg train loss 0.502, val loss 0.608, avg val acc 81.63%
global epoch 53 has been done artifficialy in 0.93 secs, the total time by now is 49.67 
 with avg train loss 0.528, val loss 0.602, avg val acc 81.73%
global epoch 54 has been done artifficialy in 0.93 secs, the total time by now is 50.60 
 with avg train loss 0.516, val loss 0.597, avg val acc 81.91%
global epoch 55 has been done artifficialy in 0.97 secs, the total time by now is 51.57 
 with avg train loss 0.483, val loss 0.603, avg val acc 81.85%
global epoch 56 has been done artifficialy in 0.94 secs, the total time by now is 52.51 
 with avg train loss 0.468, val loss 0.595, avg val acc 81.63%
global epoch 57 has been done artifficialy in 0.95 secs, the total time by now is 53.46 
 with avg train loss 0.475, val loss 0.589, avg val acc 82.27%
global epoch 58 has been done artifficialy in 1.00 secs, the total time by now is 54.46 
 with avg train loss 0.490, val loss 0.588, avg val acc 82.44%
global epoch 59 has been done artifficialy in 0.93 secs, the total time by now is 55.39 
 with avg train loss 0.465, val loss 0.590, avg val acc 82.26%
global epoch 60 has been done artifficialy in 0.90 secs, the total time by now is 56.29 
 with avg train loss 0.458, val loss 0.585, avg val acc 82.49%
global epoch 61 has been done artifficialy in 0.90 secs, the total time by now is 57.19 
 with avg train loss 0.447, val loss 0.585, avg val acc 82.40%
global epoch 62 has been done artifficialy in 0.97 secs, the total time by now is 58.16 
 with avg train loss 0.449, val loss 0.581, avg val acc 82.59%
global epoch 63 has been done artifficialy in 0.94 secs, the total time by now is 59.10 
 with avg train loss 0.428, val loss 0.583, avg val acc 82.68%
global epoch 64 has been done artifficialy in 0.93 secs, the total time by now is 60.03 
 with avg train loss 0.430, val loss 0.578, avg val acc 82.77%
global epoch 65 has been done artifficialy in 0.92 secs, the total time by now is 60.95 
 with avg train loss 0.417, val loss 0.575, avg val acc 82.87%
global epoch 66 has been done artifficialy in 0.91 secs, the total time by now is 61.86 
 with avg train loss 0.410, val loss 0.582, avg val acc 82.55%
global epoch 67 has been done artifficialy in 0.94 secs, the total time by now is 62.81 
 with avg train loss 0.443, val loss 0.575, avg val acc 83.05%
global epoch 68 has been done artifficialy in 1.03 secs, the total time by now is 63.83 
 with avg train loss 0.433, val loss 0.576, avg val acc 82.96%
global epoch 69 has been done artifficialy in 1.00 secs, the total time by now is 64.83 
 with avg train loss 0.430, val loss 0.575, avg val acc 82.86%
global epoch 70 has been done artifficialy in 0.91 secs, the total time by now is 65.74 
 with avg train loss 0.482, val loss 0.570, avg val acc 83.05%
global epoch 71 has been done artifficialy in 0.96 secs, the total time by now is 66.71 
 with avg train loss 0.403, val loss 0.575, avg val acc 83.04%
global epoch 72 has been done artifficialy in 0.95 secs, the total time by now is 67.65 
 with avg train loss 0.415, val loss 0.577, avg val acc 83.08%
global epoch 73 has been done artifficialy in 0.87 secs, the total time by now is 68.52 
 with avg train loss 0.415, val loss 0.571, avg val acc 83.04%
global epoch 74 has been done artifficialy in 0.92 secs, the total time by now is 69.44 
 with avg train loss 0.393, val loss 0.573, avg val acc 83.21%
global epoch 75 has been done artifficialy in 0.94 secs, the total time by now is 70.37 
 with avg train loss 0.417, val loss 0.579, avg val acc 83.08%
global epoch 76 has been done artifficialy in 0.94 secs, the total time by now is 71.32 
 with avg train loss 0.422, val loss 0.570, avg val acc 83.32%
global epoch 77 has been done artifficialy in 0.95 secs, the total time by now is 72.26 
 with avg train loss 0.409, val loss 0.573, avg val acc 83.22%
global epoch 78 has been done artifficialy in 0.91 secs, the total time by now is 73.17 
 with avg train loss 0.385, val loss 0.574, avg val acc 83.35%
global epoch 79 has been done artifficialy in 0.92 secs, the total time by now is 74.09 
 with avg train loss 0.394, val loss 0.572, avg val acc 83.37%
global epoch 80 has been done artifficialy in 0.91 secs, the total time by now is 74.99 
 with avg train loss 0.385, val loss 0.567, avg val acc 83.31%
global epoch 81 has been done artifficialy in 0.93 secs, the total time by now is 75.92 
 with avg train loss 0.364, val loss 0.568, avg val acc 83.46%
global epoch 82 has been done artifficialy in 0.96 secs, the total time by now is 76.89 
 with avg train loss 0.383, val loss 0.571, avg val acc 83.45%
global epoch 83 has been done artifficialy in 0.97 secs, the total time by now is 77.86 
 with avg train loss 0.385, val loss 0.570, avg val acc 83.42%
global epoch 84 has been done artifficialy in 0.95 secs, the total time by now is 78.82 
 with avg train loss 0.385, val loss 0.573, avg val acc 83.28%
global epoch 85 has been done artifficialy in 0.90 secs, the total time by now is 79.72 
 with avg train loss 0.378, val loss 0.572, avg val acc 83.42%
global epoch 86 has been done artifficialy in 0.92 secs, the total time by now is 80.64 
 with avg train loss 0.345, val loss 0.573, avg val acc 83.39%
global epoch 87 has been done artifficialy in 0.96 secs, the total time by now is 81.60 
 with avg train loss 0.375, val loss 0.577, avg val acc 83.22%
global epoch 88 has been done artifficialy in 0.98 secs, the total time by now is 82.58 
 with avg train loss 0.346, val loss 0.568, avg val acc 83.43%
global epoch 89 has been done artifficialy in 0.89 secs, the total time by now is 83.46 
 with avg train loss 0.377, val loss 0.570, avg val acc 83.59%
global epoch 90 has been done artifficialy in 0.94 secs, the total time by now is 84.41 
 with avg train loss 0.351, val loss 0.576, avg val acc 83.48%
global epoch 91 has been done artifficialy in 0.92 secs, the total time by now is 85.32 
 with avg train loss 0.383, val loss 0.567, avg val acc 83.82%
global epoch 92 has been done artifficialy in 0.95 secs, the total time by now is 86.27 
 with avg train loss 0.410, val loss 0.568, avg val acc 83.66%
global epoch 93 has been done artifficialy in 0.90 secs, the total time by now is 87.18 
 with avg train loss 0.383, val loss 0.578, avg val acc 83.48%
global epoch 94 has been done artifficialy in 0.92 secs, the total time by now is 88.09 
 with avg train loss 0.369, val loss 0.568, avg val acc 83.77%
global epoch 95 has been done artifficialy in 0.93 secs, the total time by now is 89.02 
 with avg train loss 0.368, val loss 0.568, avg val acc 83.81%
global epoch 96 has been done artifficialy in 0.96 secs, the total time by now is 89.98 
 with avg train loss 0.373, val loss 0.572, avg val acc 83.74%
global epoch 97 has been done artifficialy in 0.93 secs, the total time by now is 90.91 
 with avg train loss 0.373, val loss 0.570, avg val acc 83.75%
global epoch 98 has been done artifficialy in 0.98 secs, the total time by now is 91.89 
 with avg train loss 0.365, val loss 0.566, avg val acc 83.86%
global epoch 99 has been done artifficialy in 0.91 secs, the total time by now is 92.81 
 with avg train loss 0.347, val loss 0.570, avg val acc 83.80%
global epoch 100 has been done artifficialy in 0.93 secs, the total time by now is 93.74 
 with avg train loss 0.321, val loss 0.580, avg val acc 83.62%
global epoch 101 has been done artifficialy in 0.95 secs, the total time by now is 94.69 
 with avg train loss 0.307, val loss 0.575, avg val acc 83.63%
global epoch 102 has been done artifficialy in 0.94 secs, the total time by now is 95.64 
 with avg train loss 0.342, val loss 0.569, avg val acc 83.87%
global epoch 103 has been done artifficialy in 0.95 secs, the total time by now is 96.59 
 with avg train loss 0.347, val loss 0.577, avg val acc 83.76%
global epoch 104 has been done artifficialy in 0.97 secs, the total time by now is 97.56 
 with avg train loss 0.336, val loss 0.571, avg val acc 83.85%
global epoch 105 has been done artifficialy in 0.97 secs, the total time by now is 98.53 
 with avg train loss 0.328, val loss 0.573, avg val acc 84.05%
global epoch 106 has been done artifficialy in 0.93 secs, the total time by now is 99.46 
 with avg train loss 0.326, val loss 0.578, avg val acc 83.60%
global epoch 107 has been done artifficialy in 0.91 secs, the total time by now is 100.37 
 with avg train loss 0.329, val loss 0.573, avg val acc 84.02%
global epoch 108 has been done artifficialy in 0.90 secs, the total time by now is 101.27 
 with avg train loss 0.305, val loss 0.573, avg val acc 83.83%
global epoch 109 has been done artifficialy in 0.93 secs, the total time by now is 102.20 
 with avg train loss 0.321, val loss 0.581, avg val acc 83.75%
global epoch 110 has been done artifficialy in 0.92 secs, the total time by now is 103.12 
 with avg train loss 0.336, val loss 0.581, avg val acc 84.00%
global epoch 111 has been done artifficialy in 0.94 secs, the total time by now is 104.06 
 with avg train loss 0.341, val loss 0.588, avg val acc 83.59%
global epoch 112 has been done artifficialy in 0.90 secs, the total time by now is 104.96 
 with avg train loss 0.326, val loss 0.579, avg val acc 83.84%
global epoch 113 has been done artifficialy in 0.90 secs, the total time by now is 105.86 
 with avg train loss 0.354, val loss 0.580, avg val acc 84.12%
global epoch 114 has been done artifficialy in 0.93 secs, the total time by now is 106.79 
 with avg train loss 0.386, val loss 0.583, avg val acc 83.67%
global epoch 115 has been done artifficialy in 0.95 secs, the total time by now is 107.73 
 with avg train loss 0.331, val loss 0.577, avg val acc 83.94%
global epoch 116 has been done artifficialy in 0.88 secs, the total time by now is 108.61 
 with avg train loss 0.312, val loss 0.584, avg val acc 84.07%
global epoch 117 has been done artifficialy in 1.00 secs, the total time by now is 109.61 
 with avg train loss 0.305, val loss 0.578, avg val acc 83.98%
global epoch 118 has been done artifficialy in 0.94 secs, the total time by now is 110.55 
 with avg train loss 0.285, val loss 0.579, avg val acc 84.28%
global epoch 119 has been done artifficialy in 1.01 secs, the total time by now is 111.56 
 with avg train loss 0.309, val loss 0.586, avg val acc 83.91%
global epoch 120 has been done artifficialy in 1.00 secs, the total time by now is 112.56 
 with avg train loss 0.304, val loss 0.580, avg val acc 84.27%
global epoch 121 has been done artifficialy in 0.95 secs, the total time by now is 113.51 
 with avg train loss 0.292, val loss 0.583, avg val acc 84.11%
global epoch 122 has been done artifficialy in 0.92 secs, the total time by now is 114.42 
 with avg train loss 0.301, val loss 0.580, avg val acc 84.10%
global epoch 123 has been done artifficialy in 0.96 secs, the total time by now is 115.38 
 with avg train loss 0.297, val loss 0.584, avg val acc 84.04%
global epoch 124 has been done artifficialy in 0.96 secs, the total time by now is 116.35 
 with avg train loss 0.304, val loss 0.590, avg val acc 84.06%
global epoch 125 has been done artifficialy in 0.97 secs, the total time by now is 117.32 
 with avg train loss 0.292, val loss 0.583, avg val acc 84.27%
global epoch 126 has been done artifficialy in 1.00 secs, the total time by now is 118.31 
 with avg train loss 0.291, val loss 0.582, avg val acc 84.31%
global epoch 127 has been done artifficialy in 0.95 secs, the total time by now is 119.27 
 with avg train loss 0.322, val loss 0.585, avg val acc 84.49%
global epoch 128 has been done artifficialy in 0.96 secs, the total time by now is 120.22 
 with avg train loss 0.305, val loss 0.590, avg val acc 84.18%
global epoch 129 has been done artifficialy in 0.91 secs, the total time by now is 121.13 
 with avg train loss 0.290, val loss 0.591, avg val acc 84.10%
global epoch 130 has been done artifficialy in 0.96 secs, the total time by now is 122.08 
 with avg train loss 0.281, val loss 0.593, avg val acc 84.14%
global epoch 131 has been done artifficialy in 0.93 secs, the total time by now is 123.01 
 with avg train loss 0.287, val loss 0.593, avg val acc 84.21%
global epoch 132 has been done artifficialy in 0.91 secs, the total time by now is 123.92 
 with avg train loss 0.273, val loss 0.591, avg val acc 84.28%
global epoch 133 has been done artifficialy in 0.92 secs, the total time by now is 124.84 
 with avg train loss 0.283, val loss 0.590, avg val acc 84.23%
global epoch 134 has been done artifficialy in 0.93 secs, the total time by now is 125.77 
 with avg train loss 0.295, val loss 0.595, avg val acc 83.96%
global epoch 135 has been done artifficialy in 0.96 secs, the total time by now is 126.73 
 with avg train loss 0.270, val loss 0.604, avg val acc 83.94%
global epoch 136 has been done artifficialy in 0.90 secs, the total time by now is 127.63 
 with avg train loss 0.280, val loss 0.595, avg val acc 84.15%
global epoch 137 has been done artifficialy in 0.98 secs, the total time by now is 128.60 
 with avg train loss 0.297, val loss 0.594, avg val acc 84.14%
global epoch 138 has been done artifficialy in 1.00 secs, the total time by now is 129.61 
 with avg train loss 0.285, val loss 0.596, avg val acc 84.25%
global epoch 139 has been done artifficialy in 0.89 secs, the total time by now is 130.50 
 with avg train loss 0.285, val loss 0.603, avg val acc 83.99%
global epoch 140 has been done artifficialy in 0.95 secs, the total time by now is 131.45 
 with avg train loss 0.311, val loss 0.595, avg val acc 84.19%
global epoch 141 has been done artifficialy in 0.97 secs, the total time by now is 132.42 
 with avg train loss 0.275, val loss 0.604, avg val acc 84.35%
global epoch 142 has been done artifficialy in 0.95 secs, the total time by now is 133.37 
 with avg train loss 0.272, val loss 0.604, avg val acc 84.17%
global epoch 143 has been done artifficialy in 0.94 secs, the total time by now is 134.31 
 with avg train loss 0.275, val loss 0.603, avg val acc 84.37%
global epoch 144 has been done artifficialy in 0.95 secs, the total time by now is 135.27 
 with avg train loss 0.272, val loss 0.609, avg val acc 84.14%
global epoch 145 has been done artifficialy in 0.93 secs, the total time by now is 136.20 
 with avg train loss 0.283, val loss 0.599, avg val acc 84.33%
global epoch 146 has been done artifficialy in 0.89 secs, the total time by now is 137.09 
 with avg train loss 0.300, val loss 0.597, avg val acc 84.33%
global epoch 147 has been done artifficialy in 0.96 secs, the total time by now is 138.05 
 with avg train loss 0.308, val loss 0.603, avg val acc 84.47%
global epoch 148 has been done artifficialy in 0.95 secs, the total time by now is 139.00 
 with avg train loss 0.292, val loss 0.601, avg val acc 84.44%
global epoch 149 has been done artifficialy in 0.89 secs, the total time by now is 139.89 
 with avg train loss 0.305, val loss 0.611, avg val acc 84.00%
global epoch 150 has been done artifficialy in 0.97 secs, the total time by now is 140.86 
 with avg train loss 0.317, val loss 0.603, avg val acc 84.42%
global epoch 151 has been done artifficialy in 0.95 secs, the total time by now is 141.81 
 with avg train loss 0.299, val loss 0.604, avg val acc 84.65%
global epoch 152 has been done artifficialy in 1.04 secs, the total time by now is 142.85 
 with avg train loss 0.328, val loss 0.608, avg val acc 84.37%
global epoch 153 has been done artifficialy in 0.94 secs, the total time by now is 143.79 
 with avg train loss 0.277, val loss 0.606, avg val acc 84.36%
global epoch 154 has been done artifficialy in 0.92 secs, the total time by now is 144.72 
 with avg train loss 0.302, val loss 0.617, avg val acc 84.27%
global epoch 155 has been done artifficialy in 0.89 secs, the total time by now is 145.61 
 with avg train loss 0.293, val loss 0.610, avg val acc 84.38%
global epoch 156 has been done artifficialy in 0.97 secs, the total time by now is 146.58 
 with avg train loss 0.286, val loss 0.612, avg val acc 84.20%
global epoch 157 has been done artifficialy in 0.92 secs, the total time by now is 147.50 
 with avg train loss 0.303, val loss 0.617, avg val acc 84.42%
global epoch 158 has been done artifficialy in 0.93 secs, the total time by now is 148.43 
 with avg train loss 0.262, val loss 0.618, avg val acc 84.28%
global epoch 159 has been done artifficialy in 0.94 secs, the total time by now is 149.37 
 with avg train loss 0.271, val loss 0.622, avg val acc 84.11%
global epoch 160 has been done artifficialy in 0.97 secs, the total time by now is 150.34 
 with avg train loss 0.249, val loss 0.615, avg val acc 84.42%
global epoch 161 has been done artifficialy in 0.95 secs, the total time by now is 151.29 
 with avg train loss 0.286, val loss 0.614, avg val acc 84.40%
global epoch 162 has been done artifficialy in 0.90 secs, the total time by now is 152.19 
 with avg train loss 0.235, val loss 0.618, avg val acc 84.35%
global epoch 163 has been done artifficialy in 0.92 secs, the total time by now is 153.12 
 with avg train loss 0.235, val loss 0.625, avg val acc 84.36%
global epoch 164 has been done artifficialy in 1.01 secs, the total time by now is 154.13 
 with avg train loss 0.260, val loss 0.623, avg val acc 84.13%
global epoch 165 has been done artifficialy in 0.92 secs, the total time by now is 155.05 
 with avg train loss 0.260, val loss 0.616, avg val acc 84.50%
global epoch 166 has been done artifficialy in 0.88 secs, the total time by now is 155.92 
 with avg train loss 0.271, val loss 0.624, avg val acc 84.32%
global epoch 167 has been done artifficialy in 1.02 secs, the total time by now is 156.95 
 with avg train loss 0.243, val loss 0.615, avg val acc 84.34%
global epoch 168 has been done artifficialy in 0.91 secs, the total time by now is 157.85 
 with avg train loss 0.236, val loss 0.620, avg val acc 84.36%
global epoch 169 has been done artifficialy in 0.97 secs, the total time by now is 158.83 
 with avg train loss 0.211, val loss 0.623, avg val acc 84.48%
global epoch 170 has been done artifficialy in 0.95 secs, the total time by now is 159.78 
 with avg train loss 0.227, val loss 0.625, avg val acc 84.31%
global epoch 171 has been done artifficialy in 0.91 secs, the total time by now is 160.69 
 with avg train loss 0.260, val loss 0.623, avg val acc 84.22%
global epoch 172 has been done artifficialy in 0.95 secs, the total time by now is 161.64 
 with avg train loss 0.254, val loss 0.624, avg val acc 84.35%
global epoch 173 has been done artifficialy in 0.92 secs, the total time by now is 162.57 
 with avg train loss 0.243, val loss 0.635, avg val acc 84.21%
global epoch 174 has been done artifficialy in 0.93 secs, the total time by now is 163.49 
 with avg train loss 0.238, val loss 0.632, avg val acc 84.18%
global epoch 175 has been done artifficialy in 0.89 secs, the total time by now is 164.39 
 with avg train loss 0.262, val loss 0.629, avg val acc 84.35%
global epoch 176 has been done artifficialy in 0.92 secs, the total time by now is 165.31 
 with avg train loss 0.247, val loss 0.633, avg val acc 84.35%
global epoch 177 has been done artifficialy in 0.92 secs, the total time by now is 166.23 
 with avg train loss 0.226, val loss 0.643, avg val acc 84.09%
global epoch 178 has been done artifficialy in 0.93 secs, the total time by now is 167.17 
 with avg train loss 0.236, val loss 0.635, avg val acc 84.30%
global epoch 179 has been done artifficialy in 0.93 secs, the total time by now is 168.10 
 with avg train loss 0.249, val loss 0.630, avg val acc 84.39%
global epoch 180 has been done artifficialy in 0.87 secs, the total time by now is 168.96 
 with avg train loss 0.227, val loss 0.634, avg val acc 84.26%
global epoch 181 has been done artifficialy in 0.96 secs, the total time by now is 169.93 
 with avg train loss 0.235, val loss 0.637, avg val acc 84.31%
global epoch 182 has been done artifficialy in 0.89 secs, the total time by now is 170.82 
 with avg train loss 0.256, val loss 0.636, avg val acc 84.43%
global epoch 183 has been done artifficialy in 0.94 secs, the total time by now is 171.76 
 with avg train loss 0.237, val loss 0.639, avg val acc 84.31%
global epoch 184 has been done artifficialy in 0.96 secs, the total time by now is 172.72 
 with avg train loss 0.224, val loss 0.632, avg val acc 84.30%
global epoch 185 has been done artifficialy in 0.99 secs, the total time by now is 173.71 
 with avg train loss 0.218, val loss 0.639, avg val acc 84.28%
global epoch 186 has been done artifficialy in 0.98 secs, the total time by now is 174.69 
 with avg train loss 0.224, val loss 0.646, avg val acc 84.27%
global epoch 187 has been done artifficialy in 0.97 secs, the total time by now is 175.66 
 with avg train loss 0.261, val loss 0.643, avg val acc 84.35%
global epoch 188 has been done artifficialy in 1.00 secs, the total time by now is 176.66 
 with avg train loss 0.216, val loss 0.642, avg val acc 84.21%
global epoch 189 has been done artifficialy in 0.92 secs, the total time by now is 177.59 
 with avg train loss 0.246, val loss 0.638, avg val acc 84.33%
global epoch 190 has been done artifficialy in 0.87 secs, the total time by now is 178.45 
 with avg train loss 0.246, val loss 0.655, avg val acc 84.14%
global epoch 191 has been done artifficialy in 0.95 secs, the total time by now is 179.40 
 with avg train loss 0.230, val loss 0.642, avg val acc 84.48%
global epoch 192 has been done artifficialy in 0.93 secs, the total time by now is 180.34 
 with avg train loss 0.232, val loss 0.645, avg val acc 84.35%
global epoch 193 has been done artifficialy in 0.94 secs, the total time by now is 181.27 
 with avg train loss 0.252, val loss 0.648, avg val acc 84.25%
global epoch 194 has been done artifficialy in 0.92 secs, the total time by now is 182.20 
 with avg train loss 0.242, val loss 0.652, avg val acc 84.33%
global epoch 195 has been done artifficialy in 0.95 secs, the total time by now is 183.15 
 with avg train loss 0.232, val loss 0.652, avg val acc 84.36%
global epoch 196 has been done artifficialy in 1.01 secs, the total time by now is 184.16 
 with avg train loss 0.238, val loss 0.644, avg val acc 84.30%
global epoch 197 has been done artifficialy in 0.96 secs, the total time by now is 185.12 
 with avg train loss 0.254, val loss 0.656, avg val acc 84.20%
global epoch 198 has been done artifficialy in 0.98 secs, the total time by now is 186.10 
 with avg train loss 0.246, val loss 0.655, avg val acc 84.37%
global epoch 199 has been done artifficialy in 0.92 secs, the total time by now is 187.02 
 with avg train loss 0.231, val loss 0.646, avg val acc 84.53%
global epoch 200 has been done artifficialy in 0.97 secs, the total time by now is 187.99 
 with avg train loss 0.227, val loss 0.667, avg val acc 84.04%
global epoch 201 has been done artifficialy in 0.93 secs, the total time by now is 188.92 
 with avg train loss 0.214, val loss 0.648, avg val acc 84.56%
global epoch 202 has been done artifficialy in 0.89 secs, the total time by now is 189.81 
 with avg train loss 0.217, val loss 0.652, avg val acc 84.47%
global epoch 203 has been done artifficialy in 0.95 secs, the total time by now is 190.76 
 with avg train loss 0.270, val loss 0.665, avg val acc 84.13%
global epoch 204 has been done artifficialy in 0.96 secs, the total time by now is 191.72 
 with avg train loss 0.259, val loss 0.653, avg val acc 84.55%
global epoch 205 has been done artifficialy in 0.90 secs, the total time by now is 192.63 
 with avg train loss 0.258, val loss 0.652, avg val acc 84.33%
global epoch 206 has been done artifficialy in 0.91 secs, the total time by now is 193.54 
 with avg train loss 0.235, val loss 0.668, avg val acc 84.14%
global epoch 207 has been done artifficialy in 0.96 secs, the total time by now is 194.50 
 with avg train loss 0.217, val loss 0.665, avg val acc 84.49%
global epoch 208 has been done artifficialy in 0.93 secs, the total time by now is 195.43 
 with avg train loss 0.221, val loss 0.657, avg val acc 84.32%
global epoch 209 has been done artifficialy in 0.97 secs, the total time by now is 196.40 
 with avg train loss 0.209, val loss 0.656, avg val acc 84.39%
global epoch 210 has been done artifficialy in 0.94 secs, the total time by now is 197.34 
 with avg train loss 0.187, val loss 0.668, avg val acc 84.24%
global epoch 211 has been done artifficialy in 0.89 secs, the total time by now is 198.22 
 with avg train loss 0.194, val loss 0.659, avg val acc 84.25%
global epoch 212 has been done artifficialy in 0.93 secs, the total time by now is 199.15 
 with avg train loss 0.207, val loss 0.658, avg val acc 84.55%
global epoch 213 has been done artifficialy in 0.89 secs, the total time by now is 200.04 
 with avg train loss 0.223, val loss 0.669, avg val acc 84.46%
global epoch 214 has been done artifficialy in 0.87 secs, the total time by now is 200.91 
 with avg train loss 0.205, val loss 0.670, avg val acc 84.25%
global epoch 215 has been done artifficialy in 0.90 secs, the total time by now is 201.81 
 with avg train loss 0.196, val loss 0.661, avg val acc 84.55%
global epoch 216 has been done artifficialy in 0.96 secs, the total time by now is 202.78 
 with avg train loss 0.178, val loss 0.668, avg val acc 84.38%
global epoch 217 has been done artifficialy in 0.97 secs, the total time by now is 203.75 
 with avg train loss 0.188, val loss 0.675, avg val acc 84.31%
global epoch 218 has been done artifficialy in 0.95 secs, the total time by now is 204.70 
 with avg train loss 0.241, val loss 0.668, avg val acc 84.43%
global epoch 219 has been done artifficialy in 0.96 secs, the total time by now is 205.66 
 with avg train loss 0.232, val loss 0.668, avg val acc 84.34%
global epoch 220 has been done artifficialy in 0.90 secs, the total time by now is 206.56 
 with avg train loss 0.202, val loss 0.680, avg val acc 84.18%
global epoch 221 has been done artifficialy in 0.90 secs, the total time by now is 207.46 
 with avg train loss 0.201, val loss 0.678, avg val acc 84.42%
global epoch 222 has been done artifficialy in 0.89 secs, the total time by now is 208.35 
 with avg train loss 0.213, val loss 0.678, avg val acc 84.37%
global epoch 223 has been done artifficialy in 0.94 secs, the total time by now is 209.28 
 with avg train loss 0.217, val loss 0.688, avg val acc 84.14%
global epoch 224 has been done artifficialy in 1.00 secs, the total time by now is 210.28 
 with avg train loss 0.215, val loss 0.678, avg val acc 84.12%
global epoch 225 has been done artifficialy in 0.90 secs, the total time by now is 211.18 
 with avg train loss 0.206, val loss 0.672, avg val acc 84.01%
global epoch 226 has been done artifficialy in 0.93 secs, the total time by now is 212.11 
 with avg train loss 0.188, val loss 0.685, avg val acc 84.21%
global epoch 227 has been done artifficialy in 0.89 secs, the total time by now is 213.00 
 with avg train loss 0.193, val loss 0.687, avg val acc 84.13%
global epoch 228 has been done artifficialy in 0.93 secs, the total time by now is 213.93 
 with avg train loss 0.181, val loss 0.688, avg val acc 84.26%
global epoch 229 has been done artifficialy in 0.97 secs, the total time by now is 214.91 
 with avg train loss 0.174, val loss 0.690, avg val acc 84.15%
global epoch 230 has been done artifficialy in 0.92 secs, the total time by now is 215.83 
 with avg train loss 0.192, val loss 0.684, avg val acc 84.28%
global epoch 231 has been done artifficialy in 0.94 secs, the total time by now is 216.77 
 with avg train loss 0.183, val loss 0.683, avg val acc 84.16%
global epoch 232 has been done artifficialy in 0.87 secs, the total time by now is 217.64 
 with avg train loss 0.172, val loss 0.687, avg val acc 84.22%
global epoch 233 has been done artifficialy in 0.95 secs, the total time by now is 218.59 
 with avg train loss 0.218, val loss 0.699, avg val acc 84.12%
global epoch 234 has been done artifficialy in 0.91 secs, the total time by now is 219.50 
 with avg train loss 0.189, val loss 0.690, avg val acc 84.30%
global epoch 235 has been done artifficialy in 1.00 secs, the total time by now is 220.51 
 with avg train loss 0.175, val loss 0.691, avg val acc 84.22%
global epoch 236 has been done artifficialy in 0.90 secs, the total time by now is 221.41 
 with avg train loss 0.176, val loss 0.702, avg val acc 83.98%
global epoch 237 has been done artifficialy in 0.97 secs, the total time by now is 222.38 
 with avg train loss 0.179, val loss 0.695, avg val acc 84.29%
global epoch 238 has been done artifficialy in 0.93 secs, the total time by now is 223.31 
 with avg train loss 0.196, val loss 0.696, avg val acc 84.12%
global epoch 239 has been done artifficialy in 0.96 secs, the total time by now is 224.27 
 with avg train loss 0.193, val loss 0.708, avg val acc 83.87%
global epoch 240 has been done artifficialy in 0.93 secs, the total time by now is 225.21 
 with avg train loss 0.185, val loss 0.704, avg val acc 84.25%
global epoch 241 has been done artifficialy in 0.94 secs, the total time by now is 226.15 
 with avg train loss 0.184, val loss 0.696, avg val acc 84.10%
global epoch 242 has been done artifficialy in 0.92 secs, the total time by now is 227.07 
 with avg train loss 0.199, val loss 0.692, avg val acc 84.15%
global epoch 243 has been done artifficialy in 0.96 secs, the total time by now is 228.03 
 with avg train loss 0.218, val loss 0.708, avg val acc 84.22%
global epoch 244 has been done artifficialy in 1.00 secs, the total time by now is 229.04 
 with avg train loss 0.265, val loss 0.709, avg val acc 84.01%
global epoch 245 has been done artifficialy in 0.96 secs, the total time by now is 230.00 
 with avg train loss 0.265, val loss 0.689, avg val acc 84.09%
global epoch 246 has been done artifficialy in 0.99 secs, the total time by now is 230.99 
 with avg train loss 0.298, val loss 0.697, avg val acc 84.13%
global epoch 247 has been done artifficialy in 0.98 secs, the total time by now is 231.97 
 with avg train loss 0.224, val loss 0.694, avg val acc 84.29%
global epoch 248 has been done artifficialy in 0.91 secs, the total time by now is 232.88 
 with avg train loss 0.231, val loss 0.694, avg val acc 84.20%
global epoch 249 has been done artifficialy in 0.90 secs, the total time by now is 233.78 
 with avg train loss 0.203, val loss 0.712, avg val acc 84.07%
global epoch 250 has been done artifficialy in 0.91 secs, the total time by now is 234.69 
 with avg train loss 0.191, val loss 0.707, avg val acc 84.15%
global epoch 251 has been done artifficialy in 0.92 secs, the total time by now is 235.62 
 with avg train loss 0.210, val loss 0.698, avg val acc 84.33%
global epoch 252 has been done artifficialy in 0.92 secs, the total time by now is 236.54 
 with avg train loss 0.177, val loss 0.705, avg val acc 84.10%
global epoch 253 has been done artifficialy in 0.91 secs, the total time by now is 237.44 
 with avg train loss 0.160, val loss 0.712, avg val acc 84.13%
global epoch 254 has been done artifficialy in 0.91 secs, the total time by now is 238.36 
 with avg train loss 0.165, val loss 0.703, avg val acc 84.32%
global epoch 255 has been done artifficialy in 0.89 secs, the total time by now is 239.24 
 with avg train loss 0.207, val loss 0.698, avg val acc 84.33%
global epoch 256 has been done artifficialy in 0.95 secs, the total time by now is 240.19 
 with avg train loss 0.222, val loss 0.711, avg val acc 84.19%
global epoch 257 has been done artifficialy in 0.90 secs, the total time by now is 241.09 
 with avg train loss 0.187, val loss 0.712, avg val acc 84.39%
global epoch 258 has been done artifficialy in 0.89 secs, the total time by now is 241.99 
 with avg train loss 0.182, val loss 0.718, avg val acc 84.17%
global epoch 259 has been done artifficialy in 0.97 secs, the total time by now is 242.96 
 with avg train loss 0.156, val loss 0.715, avg val acc 84.22%
global epoch 260 has been done artifficialy in 0.93 secs, the total time by now is 243.89 
 with avg train loss 0.191, val loss 0.711, avg val acc 84.28%
global epoch 261 has been done artifficialy in 0.90 secs, the total time by now is 244.79 
 with avg train loss 0.201, val loss 0.708, avg val acc 84.21%
global epoch 262 has been done artifficialy in 0.96 secs, the total time by now is 245.75 
 with avg train loss 0.203, val loss 0.717, avg val acc 84.30%
global epoch 263 has been done artifficialy in 0.94 secs, the total time by now is 246.69 
 with avg train loss 0.188, val loss 0.724, avg val acc 84.11%
global epoch 264 has been done artifficialy in 1.00 secs, the total time by now is 247.69 
 with avg train loss 0.202, val loss 0.715, avg val acc 84.43%
global epoch 265 has been done artifficialy in 0.93 secs, the total time by now is 248.61 
 with avg train loss 0.181, val loss 0.720, avg val acc 84.30%
global epoch 266 has been done artifficialy in 0.95 secs, the total time by now is 249.57 
 with avg train loss 0.183, val loss 0.729, avg val acc 84.10%
global epoch 267 has been done artifficialy in 0.91 secs, the total time by now is 250.48 
 with avg train loss 0.166, val loss 0.721, avg val acc 84.36%
global epoch 268 has been done artifficialy in 1.05 secs, the total time by now is 251.52 
 with avg train loss 0.181, val loss 0.733, avg val acc 84.33%
global epoch 269 has been done artifficialy in 0.94 secs, the total time by now is 252.46 
 with avg train loss 0.198, val loss 0.724, avg val acc 84.24%
global epoch 270 has been done artifficialy in 0.94 secs, the total time by now is 253.40 
 with avg train loss 0.162, val loss 0.720, avg val acc 84.31%
global epoch 271 has been done artifficialy in 0.98 secs, the total time by now is 254.38 
 with avg train loss 0.181, val loss 0.724, avg val acc 84.37%
global epoch 272 has been done artifficialy in 0.95 secs, the total time by now is 255.33 
 with avg train loss 0.183, val loss 0.729, avg val acc 84.36%
global epoch 273 has been done artifficialy in 0.96 secs, the total time by now is 256.29 
 with avg train loss 0.205, val loss 0.728, avg val acc 84.14%
global epoch 274 has been done artifficialy in 0.95 secs, the total time by now is 257.24 
 with avg train loss 0.167, val loss 0.731, avg val acc 84.29%
global epoch 275 has been done artifficialy in 0.89 secs, the total time by now is 258.13 
 with avg train loss 0.149, val loss 0.726, avg val acc 84.17%
global epoch 276 has been done artifficialy in 0.90 secs, the total time by now is 259.03 
 with avg train loss 0.156, val loss 0.730, avg val acc 84.22%
global epoch 277 has been done artifficialy in 0.99 secs, the total time by now is 260.02 
 with avg train loss 0.184, val loss 0.741, avg val acc 84.44%
global epoch 278 has been done artifficialy in 0.93 secs, the total time by now is 260.96 
 with avg train loss 0.155, val loss 0.741, avg val acc 84.27%
global epoch 279 has been done artifficialy in 0.96 secs, the total time by now is 261.92 
 with avg train loss 0.164, val loss 0.731, avg val acc 84.24%
global epoch 280 has been done artifficialy in 0.98 secs, the total time by now is 262.90 
 with avg train loss 0.143, val loss 0.738, avg val acc 84.35%
global epoch 281 has been done artifficialy in 0.98 secs, the total time by now is 263.88 
 with avg train loss 0.156, val loss 0.745, avg val acc 84.12%
global epoch 282 has been done artifficialy in 0.92 secs, the total time by now is 264.80 
 with avg train loss 0.162, val loss 0.734, avg val acc 84.39%
global epoch 283 has been done artifficialy in 0.96 secs, the total time by now is 265.77 
 with avg train loss 0.167, val loss 0.746, avg val acc 84.14%
global epoch 284 has been done artifficialy in 0.89 secs, the total time by now is 266.65 
 with avg train loss 0.167, val loss 0.748, avg val acc 84.08%
global epoch 285 has been done artifficialy in 0.99 secs, the total time by now is 267.65 
 with avg train loss 0.170, val loss 0.743, avg val acc 84.15%
global epoch 286 has been done artifficialy in 0.94 secs, the total time by now is 268.59 
 with avg train loss 0.170, val loss 0.742, avg val acc 84.20%
global epoch 287 has been done artifficialy in 0.96 secs, the total time by now is 269.55 
 with avg train loss 0.169, val loss 0.746, avg val acc 84.37%
global epoch 288 has been done artifficialy in 0.93 secs, the total time by now is 270.48 
 with avg train loss 0.154, val loss 0.745, avg val acc 84.37%
global epoch 289 has been done artifficialy in 0.94 secs, the total time by now is 271.42 
 with avg train loss 0.169, val loss 0.748, avg val acc 84.15%
global epoch 290 has been done artifficialy in 0.91 secs, the total time by now is 272.32 
 with avg train loss 0.159, val loss 0.754, avg val acc 84.34%
global epoch 291 has been done artifficialy in 0.91 secs, the total time by now is 273.23 
 with avg train loss 0.152, val loss 0.758, avg val acc 84.14%
global epoch 292 has been done artifficialy in 0.93 secs, the total time by now is 274.15 
 with avg train loss 0.165, val loss 0.754, avg val acc 84.24%
global epoch 293 has been done artifficialy in 0.94 secs, the total time by now is 275.09 
 with avg train loss 0.168, val loss 0.746, avg val acc 84.34%
global epoch 294 has been done artifficialy in 0.92 secs, the total time by now is 276.02 
 with avg train loss 0.166, val loss 0.766, avg val acc 84.18%
global epoch 295 has been done artifficialy in 0.93 secs, the total time by now is 276.94 
 with avg train loss 0.163, val loss 0.758, avg val acc 84.26%
global epoch 296 has been done artifficialy in 1.01 secs, the total time by now is 277.95 
 with avg train loss 0.164, val loss 0.754, avg val acc 84.27%
global epoch 297 has been done artifficialy in 1.00 secs, the total time by now is 278.95 
 with avg train loss 0.173, val loss 0.756, avg val acc 84.01%
global epoch 298 has been done artifficialy in 0.93 secs, the total time by now is 279.88 
 with avg train loss 0.157, val loss 0.757, avg val acc 84.42%
global epoch 299 has been done artifficialy in 0.98 secs, the total time by now is 280.86 
 with avg train loss 0.141, val loss 0.761, avg val acc 84.12%
global epoch 300 has been done artifficialy in 0.92 secs, the total time by now is 281.78 
 with avg train loss 0.173, val loss 0.755, avg val acc 84.29%
